# JRE version: Java(TM) SE Runtime Environment (8.0_60-b27) (build 1.8.0_60-b27)
# Java VM: Java HotSpot(TM) 64-Bit Server VM (25.60-b23 mixed mode linux-amd64 compressed oops)
Heap:
 PSYoungGen      total 16896K, used 6604K [0x00000000feb00000, 0x0000000100000000, 0x0000000100000000)
  eden space 13824K, 33% used [0x00000000feb00000,0x00000000fef7dd90,0x00000000ff880000)
  from space 3072K, 65% used [0x00000000ffc00000,0x00000000ffdf5308,0x00000000fff00000)
  to   space 3584K, 0% used [0x00000000ff880000,0x00000000ff880000,0x00000000ffc00000)
 ParOldGen       total 18432K, used 12269K [0x00000000fc000000, 0x00000000fd200000, 0x00000000feb00000)
  object space 18432K, 66% used [0x00000000fc000000,0x00000000fcbfb5f8,0x00000000fd200000)
 Metaspace       used 31857K, capacity 33604K, committed 33920K, reserved 1079296K
  class space    used 3859K, capacity 4390K, committed 4480K, reserved 1048576K
GC Heap History (10 events):
Event: 5,249 GC heap before
{Heap before GC invocations=19 (full 1):
 PSYoungGen      total 17920K, used 14912K [0x00000000feb00000, 0x0000000100000000, 0x0000000100000000)
  eden space 14336K, 100% used [0x00000000feb00000,0x00000000ff900000,0x00000000ff900000)
  from space 3584K, 16% used [0x00000000ff900000,0x00000000ff990000,0x00000000ffc80000)
  to   space 3584K, 0% used [0x00000000ffc80000,0x00000000ffc80000,0x0000000100000000)
 ParOldGen       total 18432K, used 10714K [0x00000000fc000000, 0x00000000fd200000, 0x00000000feb00000)
  object space 18432K, 58% used [0x00000000fc000000,0x00000000fca76b88,0x00000000fd200000)
 Metaspace       used 30096K, capacity 31692K, committed 31872K, reserved 1077248K
  class space    used 3691K, capacity 4211K, committed 4224K, reserved 1048576K
Event: 5,253 GC heap after
Heap after GC invocations=19 (full 1):
 PSYoungGen      total 17920K, used 448K [0x00000000feb00000, 0x0000000100000000, 0x0000000100000000)
  eden space 14336K, 0% used [0x00000000feb00000,0x00000000feb00000,0x00000000ff900000)
  from space 3584K, 12% used [0x00000000ffc80000,0x00000000ffcf0000,0x0000000100000000)
  to   space 3584K, 0% used [0x00000000ff900000,0x00000000ff900000,0x00000000ffc80000)
 ParOldGen       total 18432K, used 11151K [0x00000000fc000000, 0x00000000fd200000, 0x00000000feb00000)
  object space 18432K, 60% used [0x00000000fc000000,0x00000000fcae3eb0,0x00000000fd200000)
 Metaspace       used 30096K, capacity 31692K, committed 31872K, reserved 1077248K
  class space    used 3691K, capacity 4211K, committed 4224K, reserved 1048576K
}
Event: 5,452 GC heap before
{Heap before GC invocations=20 (full 1):
 PSYoungGen      total 17920K, used 14784K [0x00000000feb00000, 0x0000000100000000, 0x0000000100000000)
  eden space 14336K, 100% used [0x00000000feb00000,0x00000000ff900000,0x00000000ff900000)
  from space 3584K, 12% used [0x00000000ffc80000,0x00000000ffcf0000,0x0000000100000000)
  to   space 3584K, 0% used [0x00000000ff900000,0x00000000ff900000,0x00000000ffc80000)
 ParOldGen       total 18432K, used 11151K [0x00000000fc000000, 0x00000000fd200000, 0x00000000feb00000)
  object space 18432K, 60% used [0x00000000fc000000,0x00000000fcae3eb0,0x00000000fd200000)
 Metaspace       used 30672K, capacity 32370K, committed 32512K, reserved 1077248K
  class space    used 3763K, capacity 4282K, committed 4352K, reserved 1048576K
Event: 5,455 GC heap after
Heap after GC invocations=20 (full 1):
 PSYoungGen      total 17920K, used 874K [0x00000000feb00000, 0x0000000100000000, 0x0000000100000000)
  eden space 14336K, 0% used [0x00000000feb00000,0x00000000feb00000,0x00000000ff900000)
  from space 3584K, 24% used [0x00000000ff900000,0x00000000ff9da960,0x00000000ffc80000)
  to   space 3584K, 0% used [0x00000000ffc80000,0x00000000ffc80000,0x0000000100000000)
 ParOldGen       total 18432K, used 11499K [0x00000000fc000000, 0x00000000fd200000, 0x00000000feb00000)
  object space 18432K, 62% used [0x00000000fc000000,0x00000000fcb3aec0,0x00000000fd200000)
 Metaspace       used 30672K, capacity 32370K, committed 32512K, reserved 1077248K
  class space    used 3763K, capacity 4282K, committed 4352K, reserved 1048576K
}
Event: 18,368 GC heap before
{Heap before GC invocations=21 (full 1):
 PSYoungGen      total 17920K, used 14478K [0x00000000feb00000, 0x0000000100000000, 0x0000000100000000)
  eden space 14336K, 94% used [0x00000000feb00000,0x00000000ff8490c0,0x00000000ff900000)
  from space 3584K, 24% used [0x00000000ff900000,0x00000000ff9da960,0x00000000ffc80000)
  to   space 3584K, 0% used [0x00000000ffc80000,0x00000000ffc80000,0x0000000100000000)
 ParOldGen       total 18432K, used 11499K [0x00000000fc000000, 0x00000000fd200000, 0x00000000feb00000)
  object space 18432K, 62% used [0x00000000fc000000,0x00000000fcb3aec0,0x00000000fd200000)
 Metaspace       used 31418K, capacity 33094K, committed 33408K, reserved 1079296K
  class space    used 3828K, capacity 4353K, committed 4480K, reserved 1048576K
Event: 18,374 GC heap after
Heap after GC invocations=21 (full 1):
 PSYoungGen      total 17920K, used 480K [0x00000000feb00000, 0x0000000100000000, 0x0000000100000000)
  eden space 14336K, 0% used [0x00000000feb00000,0x00000000feb00000,0x00000000ff900000)
  from space 3584K, 13% used [0x00000000ffc80000,0x00000000ffcf8000,0x0000000100000000)
  to   space 3584K, 0% used [0x00000000ff900000,0x00000000ff900000,0x00000000ffc80000)
 ParOldGen       total 18432K, used 12261K [0x00000000fc000000, 0x00000000fd200000, 0x00000000feb00000)
  object space 18432K, 66% used [0x00000000fc000000,0x00000000fcbf95f8,0x00000000fd200000)
 Metaspace       used 31418K, capacity 33094K, committed 33408K, reserved 1079296K
  class space    used 3828K, capacity 4353K, committed 4480K, reserved 1048576K
}
Event: 20,588 GC heap before
{Heap before GC invocations=22 (full 1):
 PSYoungGen      total 17920K, used 14816K [0x00000000feb00000, 0x0000000100000000, 0x0000000100000000)
  eden space 14336K, 100% used [0x00000000feb00000,0x00000000ff900000,0x00000000ff900000)
  from space 3584K, 13% used [0x00000000ffc80000,0x00000000ffcf8000,0x0000000100000000)
  to   space 3584K, 0% used [0x00000000ff900000,0x00000000ff900000,0x00000000ffc80000)
 ParOldGen       total 18432K, used 12261K [0x00000000fc000000, 0x00000000fd200000, 0x00000000feb00000)
  object space 18432K, 66% used [0x00000000fc000000,0x00000000fcbf95f8,0x00000000fd200000)
 Metaspace       used 31775K, capacity 33534K, committed 33920K, reserved 1079296K
  class space    used 3857K, capacity 4389K, committed 4480K, reserved 1048576K
Event: 20,591 GC heap after
Heap after GC invocations=22 (full 1):
 PSYoungGen      total 16384K, used 1536K [0x00000000feb00000, 0x00000000fff00000, 0x0000000100000000)
  eden space 14336K, 0% used [0x00000000feb00000,0x00000000feb00000,0x00000000ff900000)
  from space 2048K, 75% used [0x00000000ff900000,0x00000000ffa80010,0x00000000ffb00000)
  to   space 3072K, 0% used [0x00000000ffc00000,0x00000000ffc00000,0x00000000fff00000)
 ParOldGen       total 18432K, used 12269K [0x00000000fc000000, 0x00000000fd200000, 0x00000000feb00000)
  object space 18432K, 66% used [0x00000000fc000000,0x00000000fcbfb5f8,0x00000000fd200000)
 Metaspace       used 31775K, capacity 33534K, committed 33920K, reserved 1079296K
  class space    used 3857K, capacity 4389K, committed 4480K, reserved 1048576K
}
Event: 23,763 GC heap before
{Heap before GC invocations=23 (full 1):
 PSYoungGen      total 16384K, used 15872K [0x00000000feb00000, 0x00000000fff00000, 0x0000000100000000)
  eden space 14336K, 100% used [0x00000000feb00000,0x00000000ff900000,0x00000000ff900000)
  from space 2048K, 75% used [0x00000000ff900000,0x00000000ffa80010,0x00000000ffb00000)
  to   space 3072K, 0% used [0x00000000ffc00000,0x00000000ffc00000,0x00000000fff00000)
 ParOldGen       total 18432K, used 12269K [0x00000000fc000000, 0x00000000fd200000, 0x00000000feb00000)
  object space 18432K, 66% used [0x00000000fc000000,0x00000000fcbfb5f8,0x00000000fd200000)
 Metaspace       used 31778K, capacity 33534K, committed 33920K, reserved 1079296K
  class space    used 3857K, capacity 4389K, committed 4480K, reserved 1048576K
Event: 23,768 GC heap after
Heap after GC invocations=23 (full 1):
 PSYoungGen      total 16896K, used 2004K [0x00000000feb00000, 0x0000000100000000, 0x0000000100000000)
  eden space 13824K, 0% used [0x00000000feb00000,0x00000000feb00000,0x00000000ff880000)
  from space 3072K, 65% used [0x00000000ffc00000,0x00000000ffdf5308,0x00000000fff00000)
  to   space 3584K, 0% used [0x00000000ff880000,0x00000000ff880000,0x00000000ffc00000)
 ParOldGen       total 18432K, used 12269K [0x00000000fc000000, 0x00000000fd200000, 0x00000000feb00000)
  object space 18432K, 66% used [0x00000000fc000000,0x00000000fcbfb5f8,0x00000000fd200000)
 Metaspace       used 31778K, capacity 33534K, committed 33920K, reserved 1079296K
  class space    used 3857K, capacity 4389K, committed 4480K, reserved 1048576K
}

